<?xml version="1.0" encoding="UTF-8"?>
<!-- Generated by org.testng.reporters.JUnitReportReporter -->
<testsuite hostname="DESKTOP-BLPVR62" failures="0" tests="1" name="seleniumWebdriver.TC020$FacebookLogoTest" time="1.795" errors="0" timestamp="2024-12-02T22:00:12 IST" skipped="0">
  <testcase classname="seleniumWebdriver.TC020$FacebookLogoTest" name="testLogo" time="1.795"/>
  <system-out/>
</testsuite> <!-- seleniumWebdriver.TC020$FacebookLogoTest -->
