<?xml version="1.0" encoding="UTF-8"?>
<!-- Generated by org.testng.reporters.JUnitReportReporter -->
<testsuite hostname="DESKTOP-BLPVR62" failures="0" tests="1" name="seleniumWebdriver.TC011" time="2.042" errors="0" timestamp="2024-12-02T14:48:41 IST" skipped="0">
  <testcase classname="seleniumWebdriver.TC011" name="testPasswordFieldDisplay" time="2.042"/>
  <system-out/>
</testsuite> <!-- seleniumWebdriver.TC011 -->
