<?xml version="1.0" encoding="UTF-8"?>
<!-- Generated by org.testng.reporters.JUnitReportReporter -->
<testsuite hostname="DESKTOP-BLPVR62" failures="0" tests="1" name="seleniumWebdriver.TC013" time="1.727" errors="0" timestamp="2024-12-02T14:54:46 IST" skipped="0">
  <testcase classname="seleniumWebdriver.TC013" name="testPageTitle" time="1.727"/>
  <system-out/>
</testsuite> <!-- seleniumWebdriver.TC013 -->
