<?xml version="1.0" encoding="UTF-8"?>
<!-- Generated by org.testng.reporters.JUnitReportReporter -->
<testsuite hostname="DESKTOP-BLPVR62" failures="0" tests="1" name="seleniumWebdriver.PropertiesFileHandling" time="5.010" errors="0" timestamp="2024-11-29T10:30:40 IST" skipped="0">
  <testcase classname="seleniumWebdriver.PropertiesFileHandling" name="testvarify" time="5.010"/>
  <system-out/>
</testsuite> <!-- seleniumWebdriver.PropertiesFileHandling -->
