<?xml version="1.0" encoding="UTF-8"?>
<!-- Generated by org.testng.reporters.JUnitReportReporter -->
<testsuite hostname="DESKTOP-BLPVR62" failures="0" tests="1" name="seleniumWebdriver.TC008" time="1.727" errors="0" timestamp="2024-11-30T22:26:54 IST" skipped="0">
  <testcase classname="seleniumWebdriver.TC008" name="testLoginDisplay" time="1.727"/>
  <system-out/>
</testsuite> <!-- seleniumWebdriver.TC008 -->
