<?xml version="1.0" encoding="UTF-8"?>
<!-- Generated by org.testng.reporters.JUnitReportReporter -->
<testsuite hostname="DESKTOP-BLPVR62" failures="0" tests="1" name="seleniumWebdriver.TC017" time="1.593" errors="0" timestamp="2024-12-02T15:34:37 IST" skipped="0">
  <testcase classname="seleniumWebdriver.TC017" name="testPageURL" time="1.593"/>
  <system-out/>
</testsuite> <!-- seleniumWebdriver.TC017 -->
