<?xml version="1.0" encoding="UTF-8"?>
<!-- Generated by org.testng.reporters.JUnitReportReporter -->
<testsuite hostname="DESKTOP-BLPVR62" failures="0" tests="1" name="seleniumWebdriver.TC014" time="1.782" errors="0" timestamp="2024-12-02T14:58:31 IST" skipped="0">
  <testcase classname="seleniumWebdriver.TC014" name="testLoginButtonText" time="1.782"/>
  <system-out/>
</testsuite> <!-- seleniumWebdriver.TC014 -->
