<?xml version="1.0" encoding="UTF-8"?>
<!-- Generated by org.testng.reporters.JUnitReportReporter -->
<testsuite hostname="DESKTOP-BLPVR62" failures="0" tests="1" name="seleniumWebdriver.TC018" time="1.861" errors="0" timestamp="2024-12-02T15:39:19 IST" skipped="0">
  <testcase classname="seleniumWebdriver.TC018" name="testSignUpLink" time="1.861"/>
  <system-out/>
</testsuite> <!-- seleniumWebdriver.TC018 -->
