<?xml version="1.0" encoding="UTF-8"?>
<!-- Generated by org.testng.reporters.JUnitReportReporter -->
<testsuite hostname="DESKTOP-BLPVR62" failures="0" tests="1" name="seleniumWebdriver.TC016" time="5.042" errors="0" timestamp="2024-12-02T15:22:33 IST" skipped="0">
  <testcase classname="seleniumWebdriver.TC016" name="testLoginWithoutPassword" time="5.042"/>
  <system-out/>
</testsuite> <!-- seleniumWebdriver.TC016 -->
