<?xml version="1.0" encoding="UTF-8"?>
<!-- Generated by org.testng.reporters.JUnitReportReporter -->
<testsuite hostname="DESKTOP-BLPVR62" failures="0" tests="4" name="seleniumWebdriver.TC001" time="3.419" errors="0" timestamp="2024-12-03T10:13:31 IST" skipped="0">
  <testcase classname="seleniumWebdriver.TC001" name="testOpenApplication" time="1.538"/>
  <system-out/>
  <testcase classname="seleniumWebdriver.TC001" name="testValidUsername" time="0.212"/>
  <system-out/>
  <testcase classname="seleniumWebdriver.TC001" name="testValidPassword" time="0.169"/>
  <system-out/>
  <testcase classname="seleniumWebdriver.TC001" name="testlogin" time="1.500"/>
  <system-out/>
</testsuite> <!-- seleniumWebdriver.TC001 -->
