<?xml version="1.0" encoding="UTF-8"?>
<!-- Generated by org.testng.reporters.JUnitReportReporter -->
<testsuite hostname="DESKTOP-BLPVR62" failures="0" tests="1" name="seleniumWebdriver.TC010" time="2.028" errors="0" timestamp="2024-12-02T14:43:50 IST" skipped="0">
  <testcase classname="seleniumWebdriver.TC010" name="testEmailFieldDisplay" time="2.028"/>
  <system-out/>
</testsuite> <!-- seleniumWebdriver.TC010 -->
