<?xml version="1.0" encoding="UTF-8"?>
<!-- Generated by org.testng.reporters.JUnitReportReporter -->
<testsuite hostname="DESKTOP-BLPVR62" failures="0" tests="1" name="seleniumWebdriver.TC015" time="8.737" errors="0" timestamp="2024-12-02T15:11:04 IST" skipped="0">
  <testcase classname="seleniumWebdriver.TC015" name="testLoginWithoutPassword" time="8.737"/>
  <system-out/>
</testsuite> <!-- seleniumWebdriver.TC015 -->
