<?xml version="1.0" encoding="UTF-8"?>
<!-- Generated by org.testng.reporters.JUnitReportReporter -->
<testsuite hostname="DESKTOP-BLPVR62" failures="0" tests="3" name="seleniumWebdriver.TestNG1" time="0.044" errors="0" timestamp="2024-11-30T22:26:54 IST" skipped="0">
  <testcase classname="seleniumWebdriver.TestNG1" name="test" time="0.005"/>
  <system-out/>
  <testcase classname="seleniumWebdriver.TestNG1" name="testadd" time="0.027"/>
  <system-out/>
  <testcase classname="seleniumWebdriver.TestNG1" name="addtest" time="0.012"/>
  <system-out/>
</testsuite> <!-- seleniumWebdriver.TestNG1 -->
