<?xml version="1.0" encoding="UTF-8"?>
<!-- Generated by org.testng.reporters.JUnitReportReporter -->
<testsuite hostname="DESKTOP-BLPVR62" failures="0" tests="1" name="seleniumWebdriver.TC012" time="1.923" errors="0" timestamp="2024-12-02T14:52:03 IST" skipped="0">
  <testcase classname="seleniumWebdriver.TC012" name="testForgottenAccountLinkDisplay" time="1.923"/>
  <system-out/>
</testsuite> <!-- seleniumWebdriver.TC012 -->
