<?xml version="1.0" encoding="UTF-8"?>
<!-- Generated by org.testng.reporters.JUnitReportReporter -->
<testsuite hostname="DESKTOP-BLPVR62" failures="0" tests="2" name="seleniumWebdriver.Annotation1" time="0.019" errors="0" timestamp="2024-11-28T02:12:06 IST" skipped="0">
  <testcase classname="seleniumWebdriver.Annotation1" name="buy" time="0.016"/>
  <system-out/>
  <testcase classname="seleniumWebdriver.Annotation1" name="buyagain" time="0.003"/>
  <system-out/>
</testsuite> <!-- seleniumWebdriver.Annotation1 -->
