<?xml version="1.0" encoding="UTF-8"?>
<!-- Generated by org.testng.reporters.JUnitReportReporter -->
<testsuite hostname="DESKTOP-BLPVR62" failures="0" tests="1" name="seleniumWebdriver.TC009" time="1.727" errors="0" timestamp="2024-12-02T14:40:43 IST" skipped="0">
  <testcase classname="seleniumWebdriver.TC009" name="testLoginButtonDisplay" time="1.727"/>
  <system-out/>
</testsuite> <!-- seleniumWebdriver.TC009 -->
