<?xml version="1.0" encoding="UTF-8"?>
<!-- Generated by org.testng.reporters.JUnitReportReporter -->
<testsuite hostname="DESKTOP-BLPVR62" failures="0" tests="3" name="seleniumWebdriver.TestNG3" time="2.439" errors="0" timestamp="2024-11-28T12:15:34 IST" skipped="0">
  <testcase classname="seleniumWebdriver.TestNG3" name="openApplication" time="1.596"/>
  <system-out/>
  <testcase classname="seleniumWebdriver.TestNG3" name="loginApplication" time="0.362"/>
  <system-out/>
  <testcase classname="seleniumWebdriver.TestNG3" name="closeApplication" time="0.481"/>
  <system-out/>
</testsuite> <!-- seleniumWebdriver.TestNG3 -->
