<?xml version="1.0" encoding="UTF-8"?>
<!-- Generated by org.testng.reporters.JUnitReportReporter -->
<testsuite hostname="DESKTOP-BLPVR62" failures="0" tests="2" name="seleniumWebdriver.Annotation2" time="0.014" errors="0" timestamp="2024-11-28T23:12:55 IST" skipped="0">
  <testcase classname="seleniumWebdriver.Annotation2" name="buy" time="0.011"/>
  <system-out/>
  <testcase classname="seleniumWebdriver.Annotation2" name="buyagain" time="0.003"/>
  <system-out/>
</testsuite> <!-- seleniumWebdriver.Annotation2 -->
