<?xml version="1.0" encoding="UTF-8"?>
<!-- Generated by org.testng.reporters.JUnitReportReporter -->
<testsuite hostname="DESKTOP-BLPVR62" failures="0" tests="3" name="seleniumWebdriver.TestNG2" time="0.003" errors="0" timestamp="2024-11-28T01:46:11 IST" skipped="0">
  <testcase classname="seleniumWebdriver.TestNG2" name="openApplication" time="0.001"/>
  <system-out/>
  <testcase classname="seleniumWebdriver.TestNG2" name="login" time="0.001"/>
  <system-out/>
  <testcase classname="seleniumWebdriver.TestNG2" name="logout" time="0.001"/>
  <system-out/>
</testsuite> <!-- seleniumWebdriver.TestNG2 -->
